<?xml version="1.0" encoding="UTF-8"?>
<!-- Generated by org.testng.reporters.JUnitXMLReporter -->
<testsuite ignored="0" hostname="Sams-Mac.local" failures="0" tests="2" name="Test1" time="62.331" errors="0" timestamp="2021-10-08T19:25:39 IST">
  <testcase classname="com.Amazon.TestCases.VerifyAmazonSearchTest" name="verifyValidSearchTest" time="61.698"/>
  <testcase classname="com.Amazon.TestCases.VerifyAmazonSearchTest2" name="verifyValidSearchTest2" time="62.299"/>
</testsuite> <!-- Test1 -->
